[INFO][server.go:38] 2022/07/21 16:58:51 start listen..
[INFO][server.go:73] 2022/07/21 16:59:07 accept link...
[INFO][server.go:38] 2022/07/21 18:18:55 start listen..
[INFO][server.go:73] 2022/07/21 18:18:58 accept link...
[INFO][server.go:38] 2022/07/21 18:19:55 start listen..
[INFO][server.go:73] 2022/07/21 18:20:01 accept link...
[INFO][server.go:38] 2022/07/21 18:20:08 start listen..
[INFO][server.go:73] 2022/07/21 18:20:09 accept link...
[INFO][server.go:38] 2022/07/21 20:08:17 start listen..
[INFO][server.go:73] 2022/07/21 20:08:20 accept link...
[INFO][server.go:38] 2022/07/21 20:08:38 start listen..
[INFO][server.go:73] 2022/07/21 20:08:40 accept link...
[INFO][server.go:38] 2022/07/21 20:34:31 start listen..
[INFO][server.go:73] 2022/07/21 20:34:31 accept link...
[INFO][server.go:38] 2022/07/21 20:35:34 start listen..
[INFO][server.go:73] 2022/07/21 20:35:35 accept link...
[INFO][handler.go:87] 2022/07/21 20:35:36 reply : %v &{[[83 69 84] [107 101 121] [118 97 108 117 101]]}
[INFO][server.go:38] 2022/07/21 20:37:09 start listen..
[INFO][server.go:73] 2022/07/21 20:37:10 accept link...
[INFO][handler.go:87] 2022/07/21 20:37:11 reply : %v &{[[83 69 84] [107 101 121] [118 97 108 117 101]]}
[INFO][server.go:38] 2022/07/21 20:37:29 start listen..
[INFO][server.go:73] 2022/07/21 20:37:31 accept link...
[INFO][handler.go:87] 2022/07/21 20:37:31 reply : %v &{[[83 69 84] [107 101 121] [118 97 108 117 101]]}
[INFO][server.go:38] 2022/07/21 20:49:51 start listen..
[INFO][server.go:73] 2022/07/21 20:49:55 accept link...
[INFO][handler.go:87] 2022/07/21 20:49:56 reply : %v &{[[83 69 84] [107 101 121] [118 97 108 117 101]]}
[INFO][echo_databse.go:18] 2022/07/21 20:49:56 Exec: %v [[83 69 84] [107 101 121] [118 97 108 117 101]]
[INFO][handler.go:87] 2022/07/21 20:49:58 reply : %v &{[[83 69 84] [107 101 121] [118 97 108 117 101]]}
[INFO][echo_databse.go:18] 2022/07/21 20:49:58 Exec: %v [[83 69 84] [107 101 121] [118 97 108 117 101]]
[INFO][handler.go:87] 2022/07/21 20:50:01 reply : %v &{[[83 69 84] [107 101 121] [118 97 108 117 101]]}
[INFO][echo_databse.go:18] 2022/07/21 20:50:01 Exec: %v [[83 69 84] [107 101 121] [118 97 108 117 101]]
[INFO][handler.go:87] 2022/07/21 20:50:03 reply : %v &{[[83 69 84] [107 101 121] [118 97 108 117 101]]}
[INFO][echo_databse.go:18] 2022/07/21 20:50:03 Exec: %v [[83 69 84] [107 101 121] [118 97 108 117 101]]
[INFO][handler.go:62] 2022/07/21 20:50:05 connection close: 127.0.0.1:10066
[ERROR][main.go:55] 2022/07/21 20:53:22 listen tcp 0.0.0.0:6399: bind: Only one usage of each socket address (protocol/network address/port) is normally permitted.
[INFO][server.go:73] 2022/07/21 20:53:24 accept link...
[INFO][handler.go:87] 2022/07/21 20:53:24 reply : %v &{[[83 69 84] [107 101 121] [118 97 108 117 101]]}
[INFO][echo_databse.go:18] 2022/07/21 20:53:24 Exec: %v [[83 69 84] [107 101 121] [118 97 108 117 101]]
[ERROR][main.go:55] 2022/07/21 20:53:28 listen tcp 0.0.0.0:6399: bind: Only one usage of each socket address (protocol/network address/port) is normally permitted.
[INFO][handler.go:62] 2022/07/21 20:53:30 connection close: 127.0.0.1:10113
[ERROR][main.go:55] 2022/07/21 20:53:32 listen tcp 0.0.0.0:6399: bind: Only one usage of each socket address (protocol/network address/port) is normally permitted.
[INFO][server.go:53] 2022/07/21 20:53:37 shutting down...
[INFO][handler.go:106] 2022/07/21 20:53:37 handler shutting down
[INFO][server.go:38] 2022/07/21 20:53:40 start listen..
[INFO][server.go:53] 2022/07/21 20:53:44 shutting down...
[INFO][handler.go:106] 2022/07/21 20:53:44 handler shutting down
[INFO][server.go:38] 2022/07/21 20:53:49 start listen..
[INFO][server.go:38] 2022/07/21 20:53:52 start listen..
[INFO][server.go:73] 2022/07/21 20:53:54 accept link...
[INFO][handler.go:62] 2022/07/21 20:54:07 connection close: 127.0.0.1:10149
[INFO][server.go:53] 2022/07/21 20:54:14 shutting down...
[INFO][handler.go:106] 2022/07/21 20:54:14 handler shutting down
