[INFO][server.go:38] 2022/07/31 17:52:27 start listen..
[INFO][server.go:73] 2022/07/31 17:52:57 accept link...
[INFO][server.go:38] 2022/07/31 17:54:43 start listen..
[INFO][server.go:73] 2022/07/31 17:54:45 accept link...
[INFO][handler.go:63] 2022/07/31 17:55:13 connection close: 127.0.0.1:3912
[INFO][server.go:53] 2022/07/31 17:55:21 shutting down...
[INFO][handler.go:107] 2022/07/31 17:55:21 handler shutting down
[INFO][server.go:38] 2022/07/31 21:51:35 start listen..
[INFO][server.go:73] 2022/07/31 21:51:41 accept link...
[INFO][server.go:53] 2022/07/31 21:55:18 shutting down...
[INFO][handler.go:107] 2022/07/31 21:55:18 handler shutting down
[INFO][handler.go:63] 2022/07/31 21:55:18 connection close: 127.0.0.1:12067
[INFO][handler.go:107] 2022/07/31 21:55:18 handler shutting down
[INFO][server.go:38] 2022/07/31 21:55:30 start listen..
[INFO][server.go:73] 2022/07/31 21:55:33 accept link...
[INFO][server.go:53] 2022/07/31 21:56:33 shutting down...
[INFO][handler.go:107] 2022/07/31 21:56:33 handler shutting down
[INFO][handler.go:63] 2022/07/31 21:56:33 connection close: 127.0.0.1:12117
[INFO][handler.go:107] 2022/07/31 21:56:33 handler shutting down
[INFO][server.go:38] 2022/07/31 21:56:39 start listen..
[INFO][server.go:73] 2022/07/31 21:57:28 accept link...
[INFO][server.go:38] 2022/07/31 22:08:13 start listen..
[INFO][server.go:73] 2022/07/31 22:08:18 accept link...
[INFO][server.go:53] 2022/07/31 22:10:59 shutting down...
[INFO][handler.go:107] 2022/07/31 22:10:59 handler shutting down
[INFO][handler.go:63] 2022/07/31 22:10:59 connection close: 127.0.0.1:12244
[INFO][handler.go:107] 2022/07/31 22:10:59 handler shutting down
